<?xml version="1.0" encoding="UTF-8"?>
<testsuite xmlns:xsi="http://www.w3.org/2001/XMLSchema-instance" xsi:noNamespaceSchemaLocation="https://maven.apache.org/surefire/maven-surefire-plugin/xsd/surefire-test-report.xsd" version="3.0.2" name="com.programmingtechie.productservice.ProductServiceApplicationTests" time="431.845" tests="1" errors="1" skipped="0" failures="0">
  <properties>
    <property name="java.specification.version" value="21"/>
    <property name="sun.cpu.isalist" value="amd64"/>
    <property name="sun.jnu.encoding" value="Cp1252"/>
    <property name="java.class.path" value="C:\Users\hakim.mammadzada\Desktop\Bridge-Iamas\microservices-new\microservices-new\product-service\target\test-classes;C:\Users\hakim.mammadzada\Desktop\Bridge-Iamas\microservices-new\microservices-new\product-service\target\classes;C:\Users\hakim.mammadzada\.m2\repository\org\springframework\boot\spring-boot-starter-data-mongodb\3.5.4\spring-boot-starter-data-mongodb-3.5.4.jar;C:\Users\hakim.mammadzada\.m2\repository\org\springframework\boot\spring-boot-starter\3.5.4\spring-boot-starter-3.5.4.jar;C:\Users\hakim.mammadzada\.m2\repository\org\springframework\boot\spring-boot\3.5.4\spring-boot-3.5.4.jar;C:\Users\hakim.mammadzada\.m2\repository\org\springframework\boot\spring-boot-autoconfigure\3.5.4\spring-boot-autoconfigure-3.5.4.jar;C:\Users\hakim.mammadzada\.m2\repository\org\springframework\boot\spring-boot-starter-logging\3.5.4\spring-boot-starter-logging-3.5.4.jar;C:\Users\hakim.mammadzada\.m2\repository\ch\qos\logback\logback-classic\1.5.18\logback-classic-1.5.18.jar;C:\Users\hakim.mammadzada\.m2\repository\ch\qos\logback\logback-core\1.5.18\logback-core-1.5.18.jar;C:\Users\hakim.mammadzada\.m2\repository\org\apache\logging\log4j\log4j-to-slf4j\2.24.3\log4j-to-slf4j-2.24.3.jar;C:\Users\hakim.mammadzada\.m2\repository\org\apache\logging\log4j\log4j-api\2.24.3\log4j-api-2.24.3.jar;C:\Users\hakim.mammadzada\.m2\repository\org\slf4j\jul-to-slf4j\2.0.17\jul-to-slf4j-2.0.17.jar;C:\Users\hakim.mammadzada\.m2\repository\jakarta\annotation\jakarta.annotation-api\2.1.1\jakarta.annotation-api-2.1.1.jar;C:\Users\hakim.mammadzada\.m2\repository\org\yaml\snakeyaml\2.4\snakeyaml-2.4.jar;C:\Users\hakim.mammadzada\.m2\repository\org\mongodb\mongodb-driver-sync\5.5.1\mongodb-driver-sync-5.5.1.jar;C:\Users\hakim.mammadzada\.m2\repository\org\mongodb\bson\5.5.1\bson-5.5.1.jar;C:\Users\hakim.mammadzada\.m2\repository\org\mongodb\mongodb-driver-core\5.5.1\mongodb-driver-core-5.5.1.jar;C:\Users\hakim.mammadzada\.m2\repository\org\mongodb\bson-record-codec\5.5.1\bson-record-codec-5.5.1.jar;C:\Users\hakim.mammadzada\.m2\repository\org\springframework\data\spring-data-mongodb\4.5.2\spring-data-mongodb-4.5.2.jar;C:\Users\hakim.mammadzada\.m2\repository\org\springframework\spring-tx\6.2.9\spring-tx-6.2.9.jar;C:\Users\hakim.mammadzada\.m2\repository\org\springframework\spring-context\6.2.9\spring-context-6.2.9.jar;C:\Users\hakim.mammadzada\.m2\repository\org\springframework\spring-beans\6.2.9\spring-beans-6.2.9.jar;C:\Users\hakim.mammadzada\.m2\repository\org\springframework\spring-expression\6.2.9\spring-expression-6.2.9.jar;C:\Users\hakim.mammadzada\.m2\repository\org\springframework\data\spring-data-commons\3.5.2\spring-data-commons-3.5.2.jar;C:\Users\hakim.mammadzada\.m2\repository\org\springframework\boot\spring-boot-starter-web\3.5.4\spring-boot-starter-web-3.5.4.jar;C:\Users\hakim.mammadzada\.m2\repository\org\springframework\boot\spring-boot-starter-json\3.5.4\spring-boot-starter-json-3.5.4.jar;C:\Users\hakim.mammadzada\.m2\repository\com\fasterxml\jackson\core\jackson-databind\2.19.2\jackson-databind-2.19.2.jar;C:\Users\hakim.mammadzada\.m2\repository\com\fasterxml\jackson\core\jackson-core\2.19.2\jackson-core-2.19.2.jar;C:\Users\hakim.mammadzada\.m2\repository\com\fasterxml\jackson\datatype\jackson-datatype-jdk8\2.19.2\jackson-datatype-jdk8-2.19.2.jar;C:\Users\hakim.mammadzada\.m2\repository\com\fasterxml\jackson\datatype\jackson-datatype-jsr310\2.19.2\jackson-datatype-jsr310-2.19.2.jar;C:\Users\hakim.mammadzada\.m2\repository\com\fasterxml\jackson\module\jackson-module-parameter-names\2.19.2\jackson-module-parameter-names-2.19.2.jar;C:\Users\hakim.mammadzada\.m2\repository\org\springframework\boot\spring-boot-starter-tomcat\3.5.4\spring-boot-starter-tomcat-3.5.4.jar;C:\Users\hakim.mammadzada\.m2\repository\org\apache\tomcat\embed\tomcat-embed-core\10.1.43\tomcat-embed-core-10.1.43.jar;C:\Users\hakim.mammadzada\.m2\repository\org\apache\tomcat\embed\tomcat-embed-el\10.1.43\tomcat-embed-el-10.1.43.jar;C:\Users\hakim.mammadzada\.m2\repository\org\apache\tomcat\embed\tomcat-embed-websocket\10.1.43\tomcat-embed-websocket-10.1.43.jar;C:\Users\hakim.mammadzada\.m2\repository\org\springframework\spring-web\6.2.9\spring-web-6.2.9.jar;C:\Users\hakim.mammadzada\.m2\repository\io\micrometer\micrometer-observation\1.15.2\micrometer-observation-1.15.2.jar;C:\Users\hakim.mammadzada\.m2\repository\io\micrometer\micrometer-commons\1.15.2\micrometer-commons-1.15.2.jar;C:\Users\hakim.mammadzada\.m2\repository\org\springframework\spring-webmvc\6.2.9\spring-webmvc-6.2.9.jar;C:\Users\hakim.mammadzada\.m2\repository\org\springframework\spring-aop\6.2.9\spring-aop-6.2.9.jar;C:\Users\hakim.mammadzada\.m2\repository\org\projectlombok\lombok\1.18.34\lombok-1.18.34.jar;C:\Users\hakim.mammadzada\.m2\repository\org\springframework\boot\spring-boot-starter-test\3.5.4\spring-boot-starter-test-3.5.4.jar;C:\Users\hakim.mammadzada\.m2\repository\org\springframework\boot\spring-boot-test\3.5.4\spring-boot-test-3.5.4.jar;C:\Users\hakim.mammadzada\.m2\repository\org\springframework\boot\spring-boot-test-autoconfigure\3.5.4\spring-boot-test-autoconfigure-3.5.4.jar;C:\Users\hakim.mammadzada\.m2\repository\com\jayway\jsonpath\json-path\2.9.0\json-path-2.9.0.jar;C:\Users\hakim.mammadzada\.m2\repository\jakarta\xml\bind\jakarta.xml.bind-api\4.0.2\jakarta.xml.bind-api-4.0.2.jar;C:\Users\hakim.mammadzada\.m2\repository\jakarta\activation\jakarta.activation-api\2.1.3\jakarta.activation-api-2.1.3.jar;C:\Users\hakim.mammadzada\.m2\repository\net\minidev\json-smart\2.5.2\json-smart-2.5.2.jar;C:\Users\hakim.mammadzada\.m2\repository\net\minidev\accessors-smart\2.5.2\accessors-smart-2.5.2.jar;C:\Users\hakim.mammadzada\.m2\repository\org\ow2\asm\asm\9.7.1\asm-9.7.1.jar;C:\Users\hakim.mammadzada\.m2\repository\org\assertj\assertj-core\3.27.3\assertj-core-3.27.3.jar;C:\Users\hakim.mammadzada\.m2\repository\net\bytebuddy\byte-buddy\1.17.6\byte-buddy-1.17.6.jar;C:\Users\hakim.mammadzada\.m2\repository\org\awaitility\awaitility\4.2.2\awaitility-4.2.2.jar;C:\Users\hakim.mammadzada\.m2\repository\org\hamcrest\hamcrest\3.0\hamcrest-3.0.jar;C:\Users\hakim.mammadzada\.m2\repository\org\junit\jupiter\junit-jupiter\5.12.2\junit-jupiter-5.12.2.jar;C:\Users\hakim.mammadzada\.m2\repository\org\junit\jupiter\junit-jupiter-api\5.12.2\junit-jupiter-api-5.12.2.jar;C:\Users\hakim.mammadzada\.m2\repository\org\opentest4j\opentest4j\1.3.0\opentest4j-1.3.0.jar;C:\Users\hakim.mammadzada\.m2\repository\org\junit\platform\junit-platform-commons\1.12.2\junit-platform-commons-1.12.2.jar;C:\Users\hakim.mammadzada\.m2\repository\org\apiguardian\apiguardian-api\1.1.2\apiguardian-api-1.1.2.jar;C:\Users\hakim.mammadzada\.m2\repository\org\junit\jupiter\junit-jupiter-params\5.12.2\junit-jupiter-params-5.12.2.jar;C:\Users\hakim.mammadzada\.m2\repository\org\junit\jupiter\junit-jupiter-engine\5.12.2\junit-jupiter-engine-5.12.2.jar;C:\Users\hakim.mammadzada\.m2\repository\org\junit\platform\junit-platform-engine\1.12.2\junit-platform-engine-1.12.2.jar;C:\Users\hakim.mammadzada\.m2\repository\org\mockito\mockito-core\5.17.0\mockito-core-5.17.0.jar;C:\Users\hakim.mammadzada\.m2\repository\net\bytebuddy\byte-buddy-agent\1.17.6\byte-buddy-agent-1.17.6.jar;C:\Users\hakim.mammadzada\.m2\repository\org\objenesis\objenesis\3.3\objenesis-3.3.jar;C:\Users\hakim.mammadzada\.m2\repository\org\mockito\mockito-junit-jupiter\5.17.0\mockito-junit-jupiter-5.17.0.jar;C:\Users\hakim.mammadzada\.m2\repository\org\skyscreamer\jsonassert\1.5.3\jsonassert-1.5.3.jar;C:\Users\hakim.mammadzada\.m2\repository\com\vaadin\external\google\android-json\0.0.20131108.vaadin1\android-json-0.0.20131108.vaadin1.jar;C:\Users\hakim.mammadzada\.m2\repository\org\springframework\spring-core\6.2.9\spring-core-6.2.9.jar;C:\Users\hakim.mammadzada\.m2\repository\org\springframework\spring-jcl\6.2.9\spring-jcl-6.2.9.jar;C:\Users\hakim.mammadzada\.m2\repository\org\springframework\spring-test\6.2.9\spring-test-6.2.9.jar;C:\Users\hakim.mammadzada\.m2\repository\org\xmlunit\xmlunit-core\2.10.3\xmlunit-core-2.10.3.jar;C:\Users\hakim.mammadzada\.m2\repository\org\testcontainers\testcontainers\1.21.3\testcontainers-1.21.3.jar;C:\Users\hakim.mammadzada\.m2\repository\junit\junit\4.13.2\junit-4.13.2.jar;C:\Users\hakim.mammadzada\.m2\repository\org\hamcrest\hamcrest-core\3.0\hamcrest-core-3.0.jar;C:\Users\hakim.mammadzada\.m2\repository\org\slf4j\slf4j-api\2.0.17\slf4j-api-2.0.17.jar;C:\Users\hakim.mammadzada\.m2\repository\org\apache\commons\commons-compress\1.24.0\commons-compress-1.24.0.jar;C:\Users\hakim.mammadzada\.m2\repository\org\rnorth\duct-tape\duct-tape\1.0.8\duct-tape-1.0.8.jar;C:\Users\hakim.mammadzada\.m2\repository\org\jetbrains\annotations\17.0.0\annotations-17.0.0.jar;C:\Users\hakim.mammadzada\.m2\repository\com\github\docker-java\docker-java-api\3.4.2\docker-java-api-3.4.2.jar;C:\Users\hakim.mammadzada\.m2\repository\com\fasterxml\jackson\core\jackson-annotations\2.19.2\jackson-annotations-2.19.2.jar;C:\Users\hakim.mammadzada\.m2\repository\com\github\docker-java\docker-java-transport-zerodep\3.4.2\docker-java-transport-zerodep-3.4.2.jar;C:\Users\hakim.mammadzada\.m2\repository\com\github\docker-java\docker-java-transport\3.4.2\docker-java-transport-3.4.2.jar;C:\Users\hakim.mammadzada\.m2\repository\net\java\dev\jna\jna\5.13.0\jna-5.13.0.jar;C:\Users\hakim.mammadzada\.m2\repository\org\testcontainers\mongodb\1.21.3\mongodb-1.21.3.jar;C:\Users\hakim.mammadzada\.m2\repository\org\testcontainers\junit-jupiter\1.21.3\junit-jupiter-1.21.3.jar;"/>
    <property name="java.vm.vendor" value="Oracle Corporation"/>
    <property name="sun.arch.data.model" value="64"/>
    <property name="user.variant" value=""/>
    <property name="java.vendor.url" value="https://java.oracle.com/"/>
    <property name="user.timezone" value="Asia/Baku"/>
    <property name="os.name" value="Windows 10"/>
    <property name="java.vm.specification.version" value="21"/>
    <property name="sun.java.launcher" value="SUN_STANDARD"/>
    <property name="user.country" value="US"/>
    <property name="sun.boot.library.path" value="C:\Program Files\Java\jdk-21\bin"/>
    <property name="sun.java.command" value="C:\Users\hakim.mammadzada\AppData\Local\Temp\surefire17362221586088191106\surefirebooter-20250814204127134_3.jar C:\Users\hakim.mammadzada\AppData\Local\Temp\surefire17362221586088191106 2025-08-14T20-41-26_927-jvmRun1 surefire-20250814204127134_1tmp surefire_0-20250814204127134_2tmp"/>
    <property name="jdk.debug" value="release"/>
    <property name="surefire.test.class.path" value="C:\Users\hakim.mammadzada\Desktop\Bridge-Iamas\microservices-new\microservices-new\product-service\target\test-classes;C:\Users\hakim.mammadzada\Desktop\Bridge-Iamas\microservices-new\microservices-new\product-service\target\classes;C:\Users\hakim.mammadzada\.m2\repository\org\springframework\boot\spring-boot-starter-data-mongodb\3.5.4\spring-boot-starter-data-mongodb-3.5.4.jar;C:\Users\hakim.mammadzada\.m2\repository\org\springframework\boot\spring-boot-starter\3.5.4\spring-boot-starter-3.5.4.jar;C:\Users\hakim.mammadzada\.m2\repository\org\springframework\boot\spring-boot\3.5.4\spring-boot-3.5.4.jar;C:\Users\hakim.mammadzada\.m2\repository\org\springframework\boot\spring-boot-autoconfigure\3.5.4\spring-boot-autoconfigure-3.5.4.jar;C:\Users\hakim.mammadzada\.m2\repository\org\springframework\boot\spring-boot-starter-logging\3.5.4\spring-boot-starter-logging-3.5.4.jar;C:\Users\hakim.mammadzada\.m2\repository\ch\qos\logback\logback-classic\1.5.18\logback-classic-1.5.18.jar;C:\Users\hakim.mammadzada\.m2\repository\ch\qos\logback\logback-core\1.5.18\logback-core-1.5.18.jar;C:\Users\hakim.mammadzada\.m2\repository\org\apache\logging\log4j\log4j-to-slf4j\2.24.3\log4j-to-slf4j-2.24.3.jar;C:\Users\hakim.mammadzada\.m2\repository\org\apache\logging\log4j\log4j-api\2.24.3\log4j-api-2.24.3.jar;C:\Users\hakim.mammadzada\.m2\repository\org\slf4j\jul-to-slf4j\2.0.17\jul-to-slf4j-2.0.17.jar;C:\Users\hakim.mammadzada\.m2\repository\jakarta\annotation\jakarta.annotation-api\2.1.1\jakarta.annotation-api-2.1.1.jar;C:\Users\hakim.mammadzada\.m2\repository\org\yaml\snakeyaml\2.4\snakeyaml-2.4.jar;C:\Users\hakim.mammadzada\.m2\repository\org\mongodb\mongodb-driver-sync\5.5.1\mongodb-driver-sync-5.5.1.jar;C:\Users\hakim.mammadzada\.m2\repository\org\mongodb\bson\5.5.1\bson-5.5.1.jar;C:\Users\hakim.mammadzada\.m2\repository\org\mongodb\mongodb-driver-core\5.5.1\mongodb-driver-core-5.5.1.jar;C:\Users\hakim.mammadzada\.m2\repository\org\mongodb\bson-record-codec\5.5.1\bson-record-codec-5.5.1.jar;C:\Users\hakim.mammadzada\.m2\repository\org\springframework\data\spring-data-mongodb\4.5.2\spring-data-mongodb-4.5.2.jar;C:\Users\hakim.mammadzada\.m2\repository\org\springframework\spring-tx\6.2.9\spring-tx-6.2.9.jar;C:\Users\hakim.mammadzada\.m2\repository\org\springframework\spring-context\6.2.9\spring-context-6.2.9.jar;C:\Users\hakim.mammadzada\.m2\repository\org\springframework\spring-beans\6.2.9\spring-beans-6.2.9.jar;C:\Users\hakim.mammadzada\.m2\repository\org\springframework\spring-expression\6.2.9\spring-expression-6.2.9.jar;C:\Users\hakim.mammadzada\.m2\repository\org\springframework\data\spring-data-commons\3.5.2\spring-data-commons-3.5.2.jar;C:\Users\hakim.mammadzada\.m2\repository\org\springframework\boot\spring-boot-starter-web\3.5.4\spring-boot-starter-web-3.5.4.jar;C:\Users\hakim.mammadzada\.m2\repository\org\springframework\boot\spring-boot-starter-json\3.5.4\spring-boot-starter-json-3.5.4.jar;C:\Users\hakim.mammadzada\.m2\repository\com\fasterxml\jackson\core\jackson-databind\2.19.2\jackson-databind-2.19.2.jar;C:\Users\hakim.mammadzada\.m2\repository\com\fasterxml\jackson\core\jackson-core\2.19.2\jackson-core-2.19.2.jar;C:\Users\hakim.mammadzada\.m2\repository\com\fasterxml\jackson\datatype\jackson-datatype-jdk8\2.19.2\jackson-datatype-jdk8-2.19.2.jar;C:\Users\hakim.mammadzada\.m2\repository\com\fasterxml\jackson\datatype\jackson-datatype-jsr310\2.19.2\jackson-datatype-jsr310-2.19.2.jar;C:\Users\hakim.mammadzada\.m2\repository\com\fasterxml\jackson\module\jackson-module-parameter-names\2.19.2\jackson-module-parameter-names-2.19.2.jar;C:\Users\hakim.mammadzada\.m2\repository\org\springframework\boot\spring-boot-starter-tomcat\3.5.4\spring-boot-starter-tomcat-3.5.4.jar;C:\Users\hakim.mammadzada\.m2\repository\org\apache\tomcat\embed\tomcat-embed-core\10.1.43\tomcat-embed-core-10.1.43.jar;C:\Users\hakim.mammadzada\.m2\repository\org\apache\tomcat\embed\tomcat-embed-el\10.1.43\tomcat-embed-el-10.1.43.jar;C:\Users\hakim.mammadzada\.m2\repository\org\apache\tomcat\embed\tomcat-embed-websocket\10.1.43\tomcat-embed-websocket-10.1.43.jar;C:\Users\hakim.mammadzada\.m2\repository\org\springframework\spring-web\6.2.9\spring-web-6.2.9.jar;C:\Users\hakim.mammadzada\.m2\repository\io\micrometer\micrometer-observation\1.15.2\micrometer-observation-1.15.2.jar;C:\Users\hakim.mammadzada\.m2\repository\io\micrometer\micrometer-commons\1.15.2\micrometer-commons-1.15.2.jar;C:\Users\hakim.mammadzada\.m2\repository\org\springframework\spring-webmvc\6.2.9\spring-webmvc-6.2.9.jar;C:\Users\hakim.mammadzada\.m2\repository\org\springframework\spring-aop\6.2.9\spring-aop-6.2.9.jar;C:\Users\hakim.mammadzada\.m2\repository\org\projectlombok\lombok\1.18.34\lombok-1.18.34.jar;C:\Users\hakim.mammadzada\.m2\repository\org\springframework\boot\spring-boot-starter-test\3.5.4\spring-boot-starter-test-3.5.4.jar;C:\Users\hakim.mammadzada\.m2\repository\org\springframework\boot\spring-boot-test\3.5.4\spring-boot-test-3.5.4.jar;C:\Users\hakim.mammadzada\.m2\repository\org\springframework\boot\spring-boot-test-autoconfigure\3.5.4\spring-boot-test-autoconfigure-3.5.4.jar;C:\Users\hakim.mammadzada\.m2\repository\com\jayway\jsonpath\json-path\2.9.0\json-path-2.9.0.jar;C:\Users\hakim.mammadzada\.m2\repository\jakarta\xml\bind\jakarta.xml.bind-api\4.0.2\jakarta.xml.bind-api-4.0.2.jar;C:\Users\hakim.mammadzada\.m2\repository\jakarta\activation\jakarta.activation-api\2.1.3\jakarta.activation-api-2.1.3.jar;C:\Users\hakim.mammadzada\.m2\repository\net\minidev\json-smart\2.5.2\json-smart-2.5.2.jar;C:\Users\hakim.mammadzada\.m2\repository\net\minidev\accessors-smart\2.5.2\accessors-smart-2.5.2.jar;C:\Users\hakim.mammadzada\.m2\repository\org\ow2\asm\asm\9.7.1\asm-9.7.1.jar;C:\Users\hakim.mammadzada\.m2\repository\org\assertj\assertj-core\3.27.3\assertj-core-3.27.3.jar;C:\Users\hakim.mammadzada\.m2\repository\net\bytebuddy\byte-buddy\1.17.6\byte-buddy-1.17.6.jar;C:\Users\hakim.mammadzada\.m2\repository\org\awaitility\awaitility\4.2.2\awaitility-4.2.2.jar;C:\Users\hakim.mammadzada\.m2\repository\org\hamcrest\hamcrest\3.0\hamcrest-3.0.jar;C:\Users\hakim.mammadzada\.m2\repository\org\junit\jupiter\junit-jupiter\5.12.2\junit-jupiter-5.12.2.jar;C:\Users\hakim.mammadzada\.m2\repository\org\junit\jupiter\junit-jupiter-api\5.12.2\junit-jupiter-api-5.12.2.jar;C:\Users\hakim.mammadzada\.m2\repository\org\opentest4j\opentest4j\1.3.0\opentest4j-1.3.0.jar;C:\Users\hakim.mammadzada\.m2\repository\org\junit\platform\junit-platform-commons\1.12.2\junit-platform-commons-1.12.2.jar;C:\Users\hakim.mammadzada\.m2\repository\org\apiguardian\apiguardian-api\1.1.2\apiguardian-api-1.1.2.jar;C:\Users\hakim.mammadzada\.m2\repository\org\junit\jupiter\junit-jupiter-params\5.12.2\junit-jupiter-params-5.12.2.jar;C:\Users\hakim.mammadzada\.m2\repository\org\junit\jupiter\junit-jupiter-engine\5.12.2\junit-jupiter-engine-5.12.2.jar;C:\Users\hakim.mammadzada\.m2\repository\org\junit\platform\junit-platform-engine\1.12.2\junit-platform-engine-1.12.2.jar;C:\Users\hakim.mammadzada\.m2\repository\org\mockito\mockito-core\5.17.0\mockito-core-5.17.0.jar;C:\Users\hakim.mammadzada\.m2\repository\net\bytebuddy\byte-buddy-agent\1.17.6\byte-buddy-agent-1.17.6.jar;C:\Users\hakim.mammadzada\.m2\repository\org\objenesis\objenesis\3.3\objenesis-3.3.jar;C:\Users\hakim.mammadzada\.m2\repository\org\mockito\mockito-junit-jupiter\5.17.0\mockito-junit-jupiter-5.17.0.jar;C:\Users\hakim.mammadzada\.m2\repository\org\skyscreamer\jsonassert\1.5.3\jsonassert-1.5.3.jar;C:\Users\hakim.mammadzada\.m2\repository\com\vaadin\external\google\android-json\0.0.20131108.vaadin1\android-json-0.0.20131108.vaadin1.jar;C:\Users\hakim.mammadzada\.m2\repository\org\springframework\spring-core\6.2.9\spring-core-6.2.9.jar;C:\Users\hakim.mammadzada\.m2\repository\org\springframework\spring-jcl\6.2.9\spring-jcl-6.2.9.jar;C:\Users\hakim.mammadzada\.m2\repository\org\springframework\spring-test\6.2.9\spring-test-6.2.9.jar;C:\Users\hakim.mammadzada\.m2\repository\org\xmlunit\xmlunit-core\2.10.3\xmlunit-core-2.10.3.jar;C:\Users\hakim.mammadzada\.m2\repository\org\testcontainers\testcontainers\1.21.3\testcontainers-1.21.3.jar;C:\Users\hakim.mammadzada\.m2\repository\junit\junit\4.13.2\junit-4.13.2.jar;C:\Users\hakim.mammadzada\.m2\repository\org\hamcrest\hamcrest-core\3.0\hamcrest-core-3.0.jar;C:\Users\hakim.mammadzada\.m2\repository\org\slf4j\slf4j-api\2.0.17\slf4j-api-2.0.17.jar;C:\Users\hakim.mammadzada\.m2\repository\org\apache\commons\commons-compress\1.24.0\commons-compress-1.24.0.jar;C:\Users\hakim.mammadzada\.m2\repository\org\rnorth\duct-tape\duct-tape\1.0.8\duct-tape-1.0.8.jar;C:\Users\hakim.mammadzada\.m2\repository\org\jetbrains\annotations\17.0.0\annotations-17.0.0.jar;C:\Users\hakim.mammadzada\.m2\repository\com\github\docker-java\docker-java-api\3.4.2\docker-java-api-3.4.2.jar;C:\Users\hakim.mammadzada\.m2\repository\com\fasterxml\jackson\core\jackson-annotations\2.19.2\jackson-annotations-2.19.2.jar;C:\Users\hakim.mammadzada\.m2\repository\com\github\docker-java\docker-java-transport-zerodep\3.4.2\docker-java-transport-zerodep-3.4.2.jar;C:\Users\hakim.mammadzada\.m2\repository\com\github\docker-java\docker-java-transport\3.4.2\docker-java-transport-3.4.2.jar;C:\Users\hakim.mammadzada\.m2\repository\net\java\dev\jna\jna\5.13.0\jna-5.13.0.jar;C:\Users\hakim.mammadzada\.m2\repository\org\testcontainers\mongodb\1.21.3\mongodb-1.21.3.jar;C:\Users\hakim.mammadzada\.m2\repository\org\testcontainers\junit-jupiter\1.21.3\junit-jupiter-1.21.3.jar;"/>
    <property name="sun.cpu.endian" value="little"/>
    <property name="user.home" value="C:\Users\hakim.mammadzada"/>
    <property name="user.language" value="en"/>
    <property name="java.specification.vendor" value="Oracle Corporation"/>
    <property name="java.version.date" value="2024-10-15"/>
    <property name="java.home" value="C:\Program Files\Java\jdk-21"/>
    <property name="file.separator" value="\"/>
    <property name="basedir" value="C:\Users\hakim.mammadzada\Desktop\Bridge-Iamas\microservices-new\microservices-new\product-service"/>
    <property name="java.vm.compressedOopsMode" value="Zero based"/>
    <property name="line.separator" value="&#10;"/>
    <property name="java.vm.specification.vendor" value="Oracle Corporation"/>
    <property name="java.specification.name" value="Java Platform API Specification"/>
    <property name="surefire.real.class.path" value="C:\Users\hakim.mammadzada\AppData\Local\Temp\surefire17362221586088191106\surefirebooter-20250814204127134_3.jar"/>
    <property name="user.script" value=""/>
    <property name="sun.management.compiler" value="HotSpot 64-Bit Tiered Compilers"/>
    <property name="java.runtime.version" value="21.0.5+9-LTS-239"/>
    <property name="user.name" value="hakim.mammadzada"/>
    <property name="stdout.encoding" value="Cp1252"/>
    <property name="path.separator" value=";"/>
    <property name="os.version" value="10.0"/>
    <property name="java.runtime.name" value="Java(TM) SE Runtime Environment"/>
    <property name="file.encoding" value="UTF-8"/>
    <property name="java.vm.name" value="Java HotSpot(TM) 64-Bit Server VM"/>
    <property name="localRepository" value="C:\Users\hakim.mammadzada\.m2\repository"/>
    <property name="java.vendor.url.bug" value="https://bugreport.java.com/bugreport/"/>
    <property name="java.io.tmpdir" value="C:\Users\HAKIM~1.MAM\AppData\Local\Temp\"/>
    <property name="idea.version" value="2024.3.2"/>
    <property name="java.version" value="21.0.5"/>
    <property name="user.dir" value="C:\Users\hakim.mammadzada\Desktop\Bridge-Iamas\microservices-new\microservices-new\product-service"/>
    <property name="os.arch" value="amd64"/>
    <property name="java.vm.specification.name" value="Java Virtual Machine Specification"/>
    <property name="sun.os.patch.level" value=""/>
    <property name="native.encoding" value="Cp1252"/>
    <property name="java.library.path" value="C:\Program Files\Java\jdk-21\bin;C:\windows\Sun\Java\bin;C:\windows\system32;C:\windows;C:\Program Files\Common Files\Oracle\Java\javapath;C:\windows\system32;C:\windows;C:\windows\System32\Wbem;C:\windows\System32\WindowsPowerShell\v1.0\;C:\windows\System32\OpenSSH\;C:\Program Files (x86)\Microsoft SQL Server\160\DTS\Binn\;C:\Program Files (x86)\Microsoft SQL Server\160\Tools\Binn\;C:\Program Files\Microsoft SQL Server\160\Tools\Binn\;C:\Program Files\Microsoft SQL Server\Client SDK\ODBC\170\Tools\Binn\;C:\Program Files\Microsoft SQL Server\160\DTS\Binn\;C:\Program Files\Git\cmd;C:\Program Files\nodejs\;C:\Program Files\dotnet\;C:\Program Files\Microsoft SQL Server\150\Tools\Binn\;C:\Program Files\Microsoft SQL Server\130\Tools\Binn\;C:\Program Files\Docker\Docker\resources\bin;C:\Users\hakim.mammadzada\AppData\Local\Microsoft\WindowsApps;C:\Users\hakim.mammadzada\AppData\Local\JetBrains\Toolbox\scripts;C:\Users\hakim.mammadzada\AppData\Roaming\npm;C:\Users\hakim.mammadzada\.dotnet\tools;C:\Program Files\JetBrains\IntelliJ IDEA 2024.3.2\bin;;."/>
    <property name="java.vm.info" value="mixed mode, sharing"/>
    <property name="stderr.encoding" value="Cp1252"/>
    <property name="java.vendor" value="Oracle Corporation"/>
    <property name="java.vm.version" value="21.0.5+9-LTS-239"/>
    <property name="sun.io.unicode.encoding" value="UnicodeLittle"/>
    <property name="java.class.version" value="65.0"/>
  </properties>
  <testcase name="" classname="com.programmingtechie.productservice.ProductServiceApplicationTests" time="431.845">
    <error message="Can&apos;t get Docker image: RemoteDockerImage(imageName=testcontainers/ryuk:0.12.0, imagePullPolicy=DefaultPullPolicy(), imageNameSubstitutor=org.testcontainers.utility.ImageNameSubstitutor$LogWrappedImageNameSubstitutor@117bcfdc)" type="org.testcontainers.containers.ContainerFetchException"><![CDATA[org.testcontainers.containers.ContainerFetchException: Can't get Docker image: RemoteDockerImage(imageName=testcontainers/ryuk:0.12.0, imagePullPolicy=DefaultPullPolicy(), imageNameSubstitutor=org.testcontainers.utility.ImageNameSubstitutor$LogWrappedImageNameSubstitutor@117bcfdc)
	at org.testcontainers.containers.GenericContainer.getDockerImageName(GenericContainer.java:1364)
	at org.testcontainers.containers.GenericContainer.doStart(GenericContainer.java:351)
	at org.testcontainers.containers.GenericContainer.start(GenericContainer.java:322)
	at org.testcontainers.utility.RyukResourceReaper.maybeStart(RyukResourceReaper.java:78)
	at org.testcontainers.utility.RyukResourceReaper.init(RyukResourceReaper.java:42)
	at org.testcontainers.DockerClientFactory.client(DockerClientFactory.java:245)
	at org.testcontainers.DockerClientFactory$1.getDockerClient(DockerClientFactory.java:108)
	at com.github.dockerjava.api.DockerClientDelegate.authConfig(DockerClientDelegate.java:109)
	at org.testcontainers.containers.GenericContainer.start(GenericContainer.java:321)
	at org.testcontainers.junit.jupiter.TestcontainersExtension$StoreAdapter.start(TestcontainersExtension.java:276)
	at org.testcontainers.junit.jupiter.TestcontainersExtension$StoreAdapter.access$200(TestcontainersExtension.java:263)
	at org.testcontainers.junit.jupiter.TestcontainersExtension.lambda$startContainers$4(TestcontainersExtension.java:83)
	at org.testcontainers.junit.jupiter.TestcontainersExtension.lambda$startContainers$5(TestcontainersExtension.java:83)
	at java.base/java.util.ArrayList.forEach(ArrayList.java:1596)
	at org.testcontainers.junit.jupiter.TestcontainersExtension.startContainers(TestcontainersExtension.java:83)
	at org.testcontainers.junit.jupiter.TestcontainersExtension.beforeAll(TestcontainersExtension.java:57)
	at java.base/java.util.ArrayList.forEach(ArrayList.java:1596)
Caused by: org.testcontainers.shaded.org.awaitility.core.ConditionTimeoutException: Condition org.testcontainers.images.RemoteDockerImage$$Lambda/0x000001cc212ad4f0 was not fulfilled within 2 minutes.
	at org.testcontainers.shaded.org.awaitility.core.ConditionAwaiter.await(ConditionAwaiter.java:167)
	at org.testcontainers.shaded.org.awaitility.core.CallableCondition.await(CallableCondition.java:78)
	at org.testcontainers.shaded.org.awaitility.core.CallableCondition.await(CallableCondition.java:26)
	at org.testcontainers.shaded.org.awaitility.core.ConditionFactory.until(ConditionFactory.java:985)
	at org.testcontainers.shaded.org.awaitility.core.ConditionFactory.until(ConditionFactory.java:954)
	at org.testcontainers.images.RemoteDockerImage.resolve(RemoteDockerImage.java:109)
	at org.testcontainers.images.RemoteDockerImage.resolve(RemoteDockerImage.java:35)
	at org.testcontainers.utility.LazyFuture.getResolvedValue(LazyFuture.java:20)
	at org.testcontainers.utility.LazyFuture.get(LazyFuture.java:41)
	at org.testcontainers.containers.GenericContainer.getDockerImageName(GenericContainer.java:1362)
	... 16 more
]]></error>
    <system-out><![CDATA[20:41:28.273 [main] INFO org.springframework.test.context.support.AnnotationConfigContextLoaderUtils -- Could not detect default configuration classes for test class [com.programmingtechie.productservice.ProductServiceApplicationTests]: ProductServiceApplicationTests does not declare any static, non-private, non-final, nested classes annotated with @Configuration.
20:41:28.450 [main] INFO org.springframework.boot.test.context.SpringBootTestContextBootstrapper -- Found @SpringBootConfiguration com.programmingtechie.productservice.ProductServiceApplication for test class com.programmingtechie.productservice.ProductServiceApplicationTests
20:41:28.655 [main] INFO org.testcontainers.images.PullPolicy -- Image pull policy will be performed by: DefaultPullPolicy()
20:41:28.658 [main] INFO org.testcontainers.utility.ImageNameSubstitutor -- Image name substitution will be performed by: DefaultImageNameSubstitutor (composite of 'ConfigurationFileImageNameSubstitutor' and 'PrefixingImageNameSubstitutor')
20:41:28.720 [main] INFO org.testcontainers.DockerClientFactory -- Testcontainers version: 1.21.3
20:41:28.927 [main] INFO org.testcontainers.dockerclient.DockerClientProviderStrategy -- Loaded org.testcontainers.dockerclient.NpipeSocketClientProviderStrategy from ~/.testcontainers.properties, will try it first
20:41:29.245 [main] INFO org.testcontainers.dockerclient.DockerClientProviderStrategy -- Found Docker environment with local Npipe socket (npipe:////./pipe/docker_engine)
20:41:29.247 [main] INFO org.testcontainers.DockerClientFactory -- Docker host IP address is localhost
20:41:29.276 [main] INFO org.testcontainers.DockerClientFactory -- Connected to docker: 
  Server Version: 27.3.1
  API Version: 1.47
  Operating System: Docker Desktop
  Total Memory: 11872 MB
  Labels: 
    com.docker.desktop.address=npipe://\\.\pipe\docker_cli
20:41:29.358 [main] INFO tc.testcontainers/ryuk:0.12.0 -- Pulling docker image: testcontainers/ryuk:0.12.0. Please be patient; this may take some time but only needs to be done once.
20:41:30.572 [docker-java-stream--374657469] ERROR com.github.dockerjava.api.async.ResultCallbackTemplate -- Error during callback
com.github.dockerjava.api.exception.InternalServerErrorException: Status 500: {"message":"failed to resolve reference \"docker.io/testcontainers/ryuk:0.12.0\": failed to authorize: failed to fetch oauth token: unexpected status from GET request to https://auth.docker.io/token?scope=repository%3Atestcontainers%2Fryuk%3Apull&service=registry.docker.io: 401 Unauthorized"}

	at org.testcontainers.shaded.com.github.dockerjava.core.DefaultInvocationBuilder.execute(DefaultInvocationBuilder.java:247)
	at org.testcontainers.shaded.com.github.dockerjava.core.DefaultInvocationBuilder.lambda$executeAndStream$1(DefaultInvocationBuilder.java:269)
	at java.base/java.lang.Thread.run(Thread.java:1583)
20:41:30.575 [main] WARN tc.testcontainers/ryuk:0.12.0 -- Retrying pull for image: testcontainers/ryuk:0.12.0 (118s remaining)
20:41:31.541 [docker-java-stream--374657469] ERROR com.github.dockerjava.api.async.ResultCallbackTemplate -- Error during callback
com.github.dockerjava.api.exception.InternalServerErrorException: Status 500: {"message":"failed to resolve reference \"docker.io/testcontainers/ryuk:0.12.0\": failed to authorize: failed to fetch oauth token: unexpected status from GET request to https://auth.docker.io/token?scope=repository%3Atestcontainers%2Fryuk%3Apull&service=registry.docker.io: 401 Unauthorized"}

	at org.testcontainers.shaded.com.github.dockerjava.core.DefaultInvocationBuilder.execute(DefaultInvocationBuilder.java:247)
	at org.testcontainers.shaded.com.github.dockerjava.core.DefaultInvocationBuilder.lambda$executeAndStream$1(DefaultInvocationBuilder.java:269)
	at java.base/java.lang.Thread.run(Thread.java:1583)
20:41:31.541 [main] WARN tc.testcontainers/ryuk:0.12.0 -- Retrying pull for image: testcontainers/ryuk:0.12.0 (117s remaining)
20:41:32.615 [docker-java-stream--374657469] ERROR com.github.dockerjava.api.async.ResultCallbackTemplate -- Error during callback
com.github.dockerjava.api.exception.InternalServerErrorException: Status 500: {"message":"failed to resolve reference \"docker.io/testcontainers/ryuk:0.12.0\": failed to authorize: failed to fetch oauth token: unexpected status from GET request to https://auth.docker.io/token?scope=repository%3Atestcontainers%2Fryuk%3Apull&service=registry.docker.io: 401 Unauthorized"}

	at org.testcontainers.shaded.com.github.dockerjava.core.DefaultInvocationBuilder.execute(DefaultInvocationBuilder.java:247)
	at org.testcontainers.shaded.com.github.dockerjava.core.DefaultInvocationBuilder.lambda$executeAndStream$1(DefaultInvocationBuilder.java:269)
	at java.base/java.lang.Thread.run(Thread.java:1583)
20:41:32.616 [main] WARN tc.testcontainers/ryuk:0.12.0 -- Retrying pull for image: testcontainers/ryuk:0.12.0 (116s remaining)
20:41:33.884 [docker-java-stream--374657469] ERROR com.github.dockerjava.api.async.ResultCallbackTemplate -- Error during callback
com.github.dockerjava.api.exception.InternalServerErrorException: Status 500: {"message":"failed to resolve reference \"docker.io/testcontainers/ryuk:0.12.0\": failed to authorize: failed to fetch oauth token: unexpected status from GET request to https://auth.docker.io/token?scope=repository%3Atestcontainers%2Fryuk%3Apull&service=registry.docker.io: 401 Unauthorized"}

	at org.testcontainers.shaded.com.github.dockerjava.core.DefaultInvocationBuilder.execute(DefaultInvocationBuilder.java:247)
	at org.testcontainers.shaded.com.github.dockerjava.core.DefaultInvocationBuilder.lambda$executeAndStream$1(DefaultInvocationBuilder.java:269)
	at java.base/java.lang.Thread.run(Thread.java:1583)
20:41:33.884 [main] WARN tc.testcontainers/ryuk:0.12.0 -- Retrying pull for image: testcontainers/ryuk:0.12.0 (115s remaining)
20:41:35.576 [docker-java-stream--374657469] ERROR com.github.dockerjava.api.async.ResultCallbackTemplate -- Error during callback
com.github.dockerjava.api.exception.InternalServerErrorException: Status 500: {"message":"failed to resolve reference \"docker.io/testcontainers/ryuk:0.12.0\": failed to authorize: failed to fetch oauth token: unexpected status from GET request to https://auth.docker.io/token?scope=repository%3Atestcontainers%2Fryuk%3Apull&service=registry.docker.io: 401 Unauthorized"}

	at org.testcontainers.shaded.com.github.dockerjava.core.DefaultInvocationBuilder.execute(DefaultInvocationBuilder.java:247)
	at org.testcontainers.shaded.com.github.dockerjava.core.DefaultInvocationBuilder.lambda$executeAndStream$1(DefaultInvocationBuilder.java:269)
	at java.base/java.lang.Thread.run(Thread.java:1583)
20:41:35.576 [main] WARN tc.testcontainers/ryuk:0.12.0 -- Retrying pull for image: testcontainers/ryuk:0.12.0 (113s remaining)
20:41:38.089 [docker-java-stream--374657469] ERROR com.github.dockerjava.api.async.ResultCallbackTemplate -- Error during callback
com.github.dockerjava.api.exception.InternalServerErrorException: Status 500: {"message":"failed to resolve reference \"docker.io/testcontainers/ryuk:0.12.0\": failed to authorize: failed to fetch oauth token: unexpected status from GET request to https://auth.docker.io/token?scope=repository%3Atestcontainers%2Fryuk%3Apull&service=registry.docker.io: 401 Unauthorized"}

	at org.testcontainers.shaded.com.github.dockerjava.core.DefaultInvocationBuilder.execute(DefaultInvocationBuilder.java:247)
	at org.testcontainers.shaded.com.github.dockerjava.core.DefaultInvocationBuilder.lambda$executeAndStream$1(DefaultInvocationBuilder.java:269)
	at java.base/java.lang.Thread.run(Thread.java:1583)
20:41:38.090 [main] WARN tc.testcontainers/ryuk:0.12.0 -- Retrying pull for image: testcontainers/ryuk:0.12.0 (111s remaining)
20:41:42.175 [docker-java-stream--374657469] ERROR com.github.dockerjava.api.async.ResultCallbackTemplate -- Error during callback
com.github.dockerjava.api.exception.InternalServerErrorException: Status 500: {"message":"failed to resolve reference \"docker.io/testcontainers/ryuk:0.12.0\": failed to authorize: failed to fetch oauth token: unexpected status from GET request to https://auth.docker.io/token?scope=repository%3Atestcontainers%2Fryuk%3Apull&service=registry.docker.io: 401 Unauthorized"}

	at org.testcontainers.shaded.com.github.dockerjava.core.DefaultInvocationBuilder.execute(DefaultInvocationBuilder.java:247)
	at org.testcontainers.shaded.com.github.dockerjava.core.DefaultInvocationBuilder.lambda$executeAndStream$1(DefaultInvocationBuilder.java:269)
	at java.base/java.lang.Thread.run(Thread.java:1583)
20:41:42.176 [main] WARN tc.testcontainers/ryuk:0.12.0 -- Retrying pull for image: testcontainers/ryuk:0.12.0 (107s remaining)
20:41:49.478 [docker-java-stream--374657469] ERROR com.github.dockerjava.api.async.ResultCallbackTemplate -- Error during callback
com.github.dockerjava.api.exception.InternalServerErrorException: Status 500: {"message":"failed to resolve reference \"docker.io/testcontainers/ryuk:0.12.0\": failed to authorize: failed to fetch oauth token: unexpected status from GET request to https://auth.docker.io/token?scope=repository%3Atestcontainers%2Fryuk%3Apull&service=registry.docker.io: 401 Unauthorized"}

	at org.testcontainers.shaded.com.github.dockerjava.core.DefaultInvocationBuilder.execute(DefaultInvocationBuilder.java:247)
	at org.testcontainers.shaded.com.github.dockerjava.core.DefaultInvocationBuilder.lambda$executeAndStream$1(DefaultInvocationBuilder.java:269)
	at java.base/java.lang.Thread.run(Thread.java:1583)
20:41:49.478 [main] WARN tc.testcontainers/ryuk:0.12.0 -- Retrying pull for image: testcontainers/ryuk:0.12.0 (99s remaining)
20:42:03.158 [docker-java-stream--374657469] ERROR com.github.dockerjava.api.async.ResultCallbackTemplate -- Error during callback
com.github.dockerjava.api.exception.InternalServerErrorException: Status 500: {"message":"failed to resolve reference \"docker.io/testcontainers/ryuk:0.12.0\": failed to authorize: failed to fetch oauth token: unexpected status from GET request to https://auth.docker.io/token?scope=repository%3Atestcontainers%2Fryuk%3Apull&service=registry.docker.io: 401 Unauthorized"}

	at org.testcontainers.shaded.com.github.dockerjava.core.DefaultInvocationBuilder.execute(DefaultInvocationBuilder.java:247)
	at org.testcontainers.shaded.com.github.dockerjava.core.DefaultInvocationBuilder.lambda$executeAndStream$1(DefaultInvocationBuilder.java:269)
	at java.base/java.lang.Thread.run(Thread.java:1583)
20:42:03.159 [main] WARN tc.testcontainers/ryuk:0.12.0 -- Retrying pull for image: testcontainers/ryuk:0.12.0 (86s remaining)
20:42:29.656 [docker-java-stream--374657469] ERROR com.github.dockerjava.api.async.ResultCallbackTemplate -- Error during callback
com.github.dockerjava.api.exception.InternalServerErrorException: Status 500: {"message":"failed to resolve reference \"docker.io/testcontainers/ryuk:0.12.0\": failed to authorize: failed to fetch oauth token: unexpected status from GET request to https://auth.docker.io/token?scope=repository%3Atestcontainers%2Fryuk%3Apull&service=registry.docker.io: 401 Unauthorized"}

	at org.testcontainers.shaded.com.github.dockerjava.core.DefaultInvocationBuilder.execute(DefaultInvocationBuilder.java:247)
	at org.testcontainers.shaded.com.github.dockerjava.core.DefaultInvocationBuilder.lambda$executeAndStream$1(DefaultInvocationBuilder.java:269)
	at java.base/java.lang.Thread.run(Thread.java:1583)
20:42:29.656 [main] WARN tc.testcontainers/ryuk:0.12.0 -- Retrying pull for image: testcontainers/ryuk:0.12.0 (59s remaining)
20:43:21.796 [docker-java-stream--374657469] ERROR com.github.dockerjava.api.async.ResultCallbackTemplate -- Error during callback
com.github.dockerjava.api.exception.InternalServerErrorException: Status 500: {"message":"failed to resolve reference \"docker.io/testcontainers/ryuk:0.12.0\": failed to authorize: failed to fetch oauth token: unexpected status from GET request to https://auth.docker.io/token?scope=repository%3Atestcontainers%2Fryuk%3Apull&service=registry.docker.io: 401 Unauthorized"}

	at org.testcontainers.shaded.com.github.dockerjava.core.DefaultInvocationBuilder.execute(DefaultInvocationBuilder.java:247)
	at org.testcontainers.shaded.com.github.dockerjava.core.DefaultInvocationBuilder.lambda$executeAndStream$1(DefaultInvocationBuilder.java:269)
	at java.base/java.lang.Thread.run(Thread.java:1583)
20:43:21.796 [main] WARN tc.testcontainers/ryuk:0.12.0 -- Retrying pull for image: testcontainers/ryuk:0.12.0 (7s remaining)
20:45:04.211 [main] INFO tc.testcontainers/ryuk:0.12.0 -- Pulling docker image: testcontainers/ryuk:0.12.0. Please be patient; this may take some time but only needs to be done once.
20:45:05.103 [docker-java-stream--374657469] ERROR com.github.dockerjava.api.async.ResultCallbackTemplate -- Error during callback
com.github.dockerjava.api.exception.InternalServerErrorException: Status 500: {"message":"failed to resolve reference \"docker.io/testcontainers/ryuk:0.12.0\": failed to authorize: failed to fetch oauth token: unexpected status from GET request to https://auth.docker.io/token?scope=repository%3Atestcontainers%2Fryuk%3Apull&service=registry.docker.io: 401 Unauthorized"}

	at org.testcontainers.shaded.com.github.dockerjava.core.DefaultInvocationBuilder.execute(DefaultInvocationBuilder.java:247)
	at org.testcontainers.shaded.com.github.dockerjava.core.DefaultInvocationBuilder.lambda$executeAndStream$1(DefaultInvocationBuilder.java:269)
	at java.base/java.lang.Thread.run(Thread.java:1583)
20:45:05.104 [main] WARN tc.testcontainers/ryuk:0.12.0 -- Retrying pull for image: testcontainers/ryuk:0.12.0 (119s remaining)
20:45:06.095 [docker-java-stream--374657469] ERROR com.github.dockerjava.api.async.ResultCallbackTemplate -- Error during callback
com.github.dockerjava.api.exception.InternalServerErrorException: Status 500: {"message":"failed to resolve reference \"docker.io/testcontainers/ryuk:0.12.0\": failed to authorize: failed to fetch oauth token: unexpected status from GET request to https://auth.docker.io/token?scope=repository%3Atestcontainers%2Fryuk%3Apull&service=registry.docker.io: 401 Unauthorized"}

	at org.testcontainers.shaded.com.github.dockerjava.core.DefaultInvocationBuilder.execute(DefaultInvocationBuilder.java:247)
	at org.testcontainers.shaded.com.github.dockerjava.core.DefaultInvocationBuilder.lambda$executeAndStream$1(DefaultInvocationBuilder.java:269)
	at java.base/java.lang.Thread.run(Thread.java:1583)
20:45:06.096 [main] WARN tc.testcontainers/ryuk:0.12.0 -- Retrying pull for image: testcontainers/ryuk:0.12.0 (118s remaining)
20:45:07.180 [docker-java-stream--374657469] ERROR com.github.dockerjava.api.async.ResultCallbackTemplate -- Error during callback
com.github.dockerjava.api.exception.InternalServerErrorException: Status 500: {"message":"failed to resolve reference \"docker.io/testcontainers/ryuk:0.12.0\": failed to authorize: failed to fetch oauth token: unexpected status from GET request to https://auth.docker.io/token?scope=repository%3Atestcontainers%2Fryuk%3Apull&service=registry.docker.io: 401 Unauthorized"}

	at org.testcontainers.shaded.com.github.dockerjava.core.DefaultInvocationBuilder.execute(DefaultInvocationBuilder.java:247)
	at org.testcontainers.shaded.com.github.dockerjava.core.DefaultInvocationBuilder.lambda$executeAndStream$1(DefaultInvocationBuilder.java:269)
	at java.base/java.lang.Thread.run(Thread.java:1583)
20:45:07.181 [main] WARN tc.testcontainers/ryuk:0.12.0 -- Retrying pull for image: testcontainers/ryuk:0.12.0 (117s remaining)
20:45:08.846 [docker-java-stream--374657469] ERROR com.github.dockerjava.api.async.ResultCallbackTemplate -- Error during callback
com.github.dockerjava.api.exception.InternalServerErrorException: Status 500: {"message":"failed to resolve reference \"docker.io/testcontainers/ryuk:0.12.0\": failed to authorize: failed to fetch oauth token: unexpected status from GET request to https://auth.docker.io/token?scope=repository%3Atestcontainers%2Fryuk%3Apull&service=registry.docker.io: 401 Unauthorized"}

	at org.testcontainers.shaded.com.github.dockerjava.core.DefaultInvocationBuilder.execute(DefaultInvocationBuilder.java:247)
	at org.testcontainers.shaded.com.github.dockerjava.core.DefaultInvocationBuilder.lambda$executeAndStream$1(DefaultInvocationBuilder.java:269)
	at java.base/java.lang.Thread.run(Thread.java:1583)
20:45:08.846 [main] WARN tc.testcontainers/ryuk:0.12.0 -- Retrying pull for image: testcontainers/ryuk:0.12.0 (115s remaining)
20:45:10.542 [docker-java-stream--374657469] ERROR com.github.dockerjava.api.async.ResultCallbackTemplate -- Error during callback
com.github.dockerjava.api.exception.InternalServerErrorException: Status 500: {"message":"failed to resolve reference \"docker.io/testcontainers/ryuk:0.12.0\": failed to authorize: failed to fetch oauth token: unexpected status from GET request to https://auth.docker.io/token?scope=repository%3Atestcontainers%2Fryuk%3Apull&service=registry.docker.io: 401 Unauthorized"}

	at org.testcontainers.shaded.com.github.dockerjava.core.DefaultInvocationBuilder.execute(DefaultInvocationBuilder.java:247)
	at org.testcontainers.shaded.com.github.dockerjava.core.DefaultInvocationBuilder.lambda$executeAndStream$1(DefaultInvocationBuilder.java:269)
	at java.base/java.lang.Thread.run(Thread.java:1583)
20:45:10.543 [main] WARN tc.testcontainers/ryuk:0.12.0 -- Retrying pull for image: testcontainers/ryuk:0.12.0 (113s remaining)
20:45:13.002 [docker-java-stream--374657469] ERROR com.github.dockerjava.api.async.ResultCallbackTemplate -- Error during callback
com.github.dockerjava.api.exception.InternalServerErrorException: Status 500: {"message":"failed to resolve reference \"docker.io/testcontainers/ryuk:0.12.0\": failed to authorize: failed to fetch oauth token: unexpected status from GET request to https://auth.docker.io/token?scope=repository%3Atestcontainers%2Fryuk%3Apull&service=registry.docker.io: 401 Unauthorized"}

	at org.testcontainers.shaded.com.github.dockerjava.core.DefaultInvocationBuilder.execute(DefaultInvocationBuilder.java:247)
	at org.testcontainers.shaded.com.github.dockerjava.core.DefaultInvocationBuilder.lambda$executeAndStream$1(DefaultInvocationBuilder.java:269)
	at java.base/java.lang.Thread.run(Thread.java:1583)
20:45:13.002 [main] WARN tc.testcontainers/ryuk:0.12.0 -- Retrying pull for image: testcontainers/ryuk:0.12.0 (111s remaining)
20:45:17.096 [docker-java-stream--374657469] ERROR com.github.dockerjava.api.async.ResultCallbackTemplate -- Error during callback
com.github.dockerjava.api.exception.InternalServerErrorException: Status 500: {"message":"failed to resolve reference \"docker.io/testcontainers/ryuk:0.12.0\": failed to authorize: failed to fetch oauth token: unexpected status from GET request to https://auth.docker.io/token?scope=repository%3Atestcontainers%2Fryuk%3Apull&service=registry.docker.io: 401 Unauthorized"}

	at org.testcontainers.shaded.com.github.dockerjava.core.DefaultInvocationBuilder.execute(DefaultInvocationBuilder.java:247)
	at org.testcontainers.shaded.com.github.dockerjava.core.DefaultInvocationBuilder.lambda$executeAndStream$1(DefaultInvocationBuilder.java:269)
	at java.base/java.lang.Thread.run(Thread.java:1583)
20:45:17.096 [main] WARN tc.testcontainers/ryuk:0.12.0 -- Retrying pull for image: testcontainers/ryuk:0.12.0 (107s remaining)
20:45:24.356 [docker-java-stream--374657469] ERROR com.github.dockerjava.api.async.ResultCallbackTemplate -- Error during callback
com.github.dockerjava.api.exception.InternalServerErrorException: Status 500: {"message":"failed to resolve reference \"docker.io/testcontainers/ryuk:0.12.0\": failed to authorize: failed to fetch oauth token: unexpected status from GET request to https://auth.docker.io/token?scope=repository%3Atestcontainers%2Fryuk%3Apull&service=registry.docker.io: 401 Unauthorized"}

	at org.testcontainers.shaded.com.github.dockerjava.core.DefaultInvocationBuilder.execute(DefaultInvocationBuilder.java:247)
	at org.testcontainers.shaded.com.github.dockerjava.core.DefaultInvocationBuilder.lambda$executeAndStream$1(DefaultInvocationBuilder.java:269)
	at java.base/java.lang.Thread.run(Thread.java:1583)
20:45:24.357 [main] WARN tc.testcontainers/ryuk:0.12.0 -- Retrying pull for image: testcontainers/ryuk:0.12.0 (99s remaining)
20:45:38.035 [docker-java-stream--374657469] ERROR com.github.dockerjava.api.async.ResultCallbackTemplate -- Error during callback
com.github.dockerjava.api.exception.InternalServerErrorException: Status 500: {"message":"failed to resolve reference \"docker.io/testcontainers/ryuk:0.12.0\": failed to authorize: failed to fetch oauth token: unexpected status from GET request to https://auth.docker.io/token?scope=repository%3Atestcontainers%2Fryuk%3Apull&service=registry.docker.io: 401 Unauthorized"}

	at org.testcontainers.shaded.com.github.dockerjava.core.DefaultInvocationBuilder.execute(DefaultInvocationBuilder.java:247)
	at org.testcontainers.shaded.com.github.dockerjava.core.DefaultInvocationBuilder.lambda$executeAndStream$1(DefaultInvocationBuilder.java:269)
	at java.base/java.lang.Thread.run(Thread.java:1583)
20:45:38.035 [main] WARN tc.testcontainers/ryuk:0.12.0 -- Retrying pull for image: testcontainers/ryuk:0.12.0 (86s remaining)
20:46:04.527 [docker-java-stream--374657469] ERROR com.github.dockerjava.api.async.ResultCallbackTemplate -- Error during callback
com.github.dockerjava.api.exception.InternalServerErrorException: Status 500: {"message":"failed to resolve reference \"docker.io/testcontainers/ryuk:0.12.0\": failed to authorize: failed to fetch oauth token: unexpected status from GET request to https://auth.docker.io/token?scope=repository%3Atestcontainers%2Fryuk%3Apull&service=registry.docker.io: 401 Unauthorized"}

	at org.testcontainers.shaded.com.github.dockerjava.core.DefaultInvocationBuilder.execute(DefaultInvocationBuilder.java:247)
	at org.testcontainers.shaded.com.github.dockerjava.core.DefaultInvocationBuilder.lambda$executeAndStream$1(DefaultInvocationBuilder.java:269)
	at java.base/java.lang.Thread.run(Thread.java:1583)
20:46:04.528 [main] WARN tc.testcontainers/ryuk:0.12.0 -- Retrying pull for image: testcontainers/ryuk:0.12.0 (59s remaining)
20:46:57.520 [docker-java-stream--374657469] ERROR com.github.dockerjava.api.async.ResultCallbackTemplate -- Error during callback
com.github.dockerjava.api.exception.InternalServerErrorException: Status 500: {"message":"failed to resolve reference \"docker.io/testcontainers/ryuk:0.12.0\": failed to authorize: failed to fetch oauth token: unexpected status from GET request to https://auth.docker.io/token?scope=repository%3Atestcontainers%2Fryuk%3Apull&service=registry.docker.io: 401 Unauthorized"}

	at org.testcontainers.shaded.com.github.dockerjava.core.DefaultInvocationBuilder.execute(DefaultInvocationBuilder.java:247)
	at org.testcontainers.shaded.com.github.dockerjava.core.DefaultInvocationBuilder.lambda$executeAndStream$1(DefaultInvocationBuilder.java:269)
	at java.base/java.lang.Thread.run(Thread.java:1583)
20:46:57.521 [main] WARN tc.testcontainers/ryuk:0.12.0 -- Retrying pull for image: testcontainers/ryuk:0.12.0 (6s remaining)
]]></system-out>
  </testcase>
</testsuite>