<?xml version="1.0" encoding="UTF-8"?>
<testsuite xmlns:xsi="http://www.w3.org/2001/XMLSchema-instance" xsi:noNamespaceSchemaLocation="https://maven.apache.org/surefire/maven-surefire-plugin/xsd/surefire-test-report.xsd" version="3.0.2" name="com.programmingtechie.productservice.ProductServiceApplicationTests" time="431.845" tests="1" errors="1" skipped="0" failures="0">
  <properties>
[...]
</properties>
  <testcase name="" classname="com.programmingtechie.productservice.ProductServiceApplicationTests" time="431.845">
    <error message="Can&apos;t get Docker image: RemoteDockerImage(imageName=testcontainers/ryuk:0.12.0, imagePullPolicy=DefaultPullPolicy(), imageNameSubstitutor=org.testcontainers.utility.ImageNameSubstitutor$LogWrappedImageNameSubstitutor@117bcfdc)" type="org.testcontainers.containers.ContainerFetchException"><![CDATA[org.testcontainers.containers.ContainerFetchException: Can't get Docker image: RemoteDockerImage(imageName=testcontainers/ryuk:0.12.0, imagePullPolicy=DefaultPullPolicy(), imageNameSubstitutor=org.testcontainers.utility.ImageNameSubstitutor$LogWrappedImageNameSubstitutor@117bcfdc)
	at org.testcontainers.containers.GenericContainer.getDockerImageName(GenericContainer.java:1364)
	at org.testcontainers.containers.GenericContainer.doStart(GenericContainer.java:351)
	at org.testcontainers.containers.GenericContainer.start(GenericContainer.java:322)
	at org.testcontainers.utility.RyukResourceReaper.maybeStart(RyukResourceReaper.java:78)
	at org.testcontainers.utility.RyukResourceReaper.init(RyukResourceReaper.java:42)
	at org.testcontainers.DockerClientFactory.client(DockerClientFactory.java:245)
	at org.testcontainers.DockerClientFactory$1.getDockerClient(DockerClientFactory.java:108)
	at com.github.dockerjava.api.DockerClientDelegate.authConfig(DockerClientDelegate.java:109)
	at org.testcontainers.containers.GenericContainer.start(GenericContainer.java:321)
	at org.testcontainers.junit.jupiter.TestcontainersExtension$StoreAdapter.start(TestcontainersExtension.java:276)
	at org.testcontainers.junit.jupiter.TestcontainersExtension$StoreAdapter.access$200(TestcontainersExtension.java:263)
	at org.testcontainers.junit.jupiter.TestcontainersExtension.lambda$startContainers$4(TestcontainersExtension.java:83)
	at org.testcontainers.junit.jupiter.TestcontainersExtension.lambda$startContainers$5(TestcontainersExtension.java:83)
	at java.base/java.util.ArrayList.forEach(ArrayList.java:1596)
	at org.testcontainers.junit.jupiter.TestcontainersExtension.startContainers(TestcontainersExtension.java:83)
	at org.testcontainers.junit.jupiter.TestcontainersExtension.beforeAll(TestcontainersExtension.java:57)
	at java.base/java.util.ArrayList.forEach(ArrayList.java:1596)
Caused by: org.testcontainers.shaded.org.awaitility.core.ConditionTimeoutException: Condition org.testcontainers.images.RemoteDockerImage$$Lambda/0x000001cc212ad4f0 was not fulfilled within 2 minutes.
	at org.testcontainers.shaded.org.awaitility.core.ConditionAwaiter.await(ConditionAwaiter.java:167)
	at org.testcontainers.shaded.org.awaitility.core.CallableCondition.await(CallableCondition.java:78)
	at org.testcontainers.shaded.org.awaitility.core.CallableCondition.await(CallableCondition.java:26)
	at org.testcontainers.shaded.org.awaitility.core.ConditionFactory.until(ConditionFactory.java:985)
	at org.testcontainers.shaded.org.awaitility.core.ConditionFactory.until(ConditionFactory.java:954)
	at org.testcontainers.images.RemoteDockerImage.resolve(RemoteDockerImage.java:109)
	at org.testcontainers.images.RemoteDockerImage.resolve(RemoteDockerImage.java:35)
	at org.testcontainers.utility.LazyFuture.getResolvedValue(LazyFuture.java:20)
	at org.testcontainers.utility.LazyFuture.get(LazyFuture.java:41)
	at org.testcontainers.containers.GenericContainer.getDockerImageName(GenericContainer.java:1362)
	... 16 more
]]></error>
    <system-out><![CDATA[20:41:28.273 [main] INFO org.springframework.test.context.support.AnnotationConfigContextLoaderUtils -- Could not detect default configuration classes for test class [com.programmingtechie.productservice.ProductServiceApplicationTests]: ProductServiceApplicationTests does not declare any static, non-private, non-final, nested classes annotated with @Configuration.
20:41:28.450 [main] INFO org.springframework.boot.test.context.SpringBootTestContextBootstrapper -- Found @SpringBootConfiguration com.programmingtechie.productservice.ProductServiceApplication for test class com.programmingtechie.productservice.ProductServiceApplicationTests
20:41:28.655 [main] INFO org.testcontainers.images.PullPolicy -- Image pull policy will be performed by: DefaultPullPolicy()
20:41:28.658 [main] INFO org.testcontainers.utility.ImageNameSubstitutor -- Image name substitution will be performed by: DefaultImageNameSubstitutor (composite of 'ConfigurationFileImageNameSubstitutor' and 'PrefixingImageNameSubstitutor')
20:41:28.720 [main] INFO org.testcontainers.DockerClientFactory -- Testcontainers version: 1.21.3
20:41:28.927 [main] INFO org.testcontainers.dockerclient.DockerClientProviderStrategy -- Loaded org.testcontainers.dockerclient.NpipeSocketClientProviderStrategy from ~/.testcontainers.properties, will try it first
20:41:29.245 [main] INFO org.testcontainers.dockerclient.DockerClientProviderStrategy -- Found Docker environment with local Npipe socket (npipe:////./pipe/docker_engine)
20:41:29.247 [main] INFO org.testcontainers.DockerClientFactory -- Docker host IP address is localhost
20:41:29.276 [main] INFO org.testcontainers.DockerClientFactory -- Connected to docker: 
  Server Version: 27.3.1
  API Version: 1.47
  Operating System: Docker Desktop
  Total Memory: 11872 MB
  Labels: 
    com.docker.desktop.address=npipe://\\.\pipe\docker_cli
20:41:29.358 [main] INFO tc.testcontainers/ryuk:0.12.0 -- Pulling docker image: testcontainers/ryuk:0.12.0. Please be patient; this may take some time but only needs to be done once.
20:41:30.572 [docker-java-stream--374657469] ERROR com.github.dockerjava.api.async.ResultCallbackTemplate -- Error during callback
com.github.dockerjava.api.exception.InternalServerErrorException: Status 500: {"message":"failed to resolve reference \"docker.io/testcontainers/ryuk:0.12.0\": failed to authorize: failed to fetch oauth token: unexpected status from GET request to https://auth.docker.io/token?scope=repository%3Atestcontainers%2Fryuk%3Apull&service=registry.docker.io: 401 Unauthorized"}

	at org.testcontainers.shaded.com.github.dockerjava.core.DefaultInvocationBuilder.execute(DefaultInvocationBuilder.java:247)
	at org.testcontainers.shaded.com.github.dockerjava.core.DefaultInvocationBuilder.lambda$executeAndStream$1(DefaultInvocationBuilder.java:269)
	at java.base/java.lang.Thread.run(Thread.java:1583)
20:41:30.575 [main] WARN tc.testcontainers/ryuk:0.12.0 -- Retrying pull for image: testcontainers/ryuk:0.12.0 (118s remaining)
20:41:31.541 [docker-java-stream--374657469] ERROR com.github.dockerjava.api.async.ResultCallbackTemplate -- Error during callback
com.github.dockerjava.api.exception.InternalServerErrorException: Status 500: {"message":"failed to resolve reference \"docker.io/testcontainers/ryuk:0.12.0\": failed to authorize: failed to fetch oauth token: unexpected status from GET request to https://auth.docker.io/token?scope=repository%3Atestcontainers%2Fryuk%3Apull&service=registry.docker.io: 401 Unauthorized"}

	at org.testcontainers.shaded.com.github.dockerjava.core.DefaultInvocationBuilder.execute(DefaultInvocationBuilder.java:247)
	at org.testcontainers.shaded.com.github.dockerjava.core.DefaultInvocationBuilder.lambda$executeAndStream$1(DefaultInvocationBuilder.java:269)
	at java.base/java.lang.Thread.run(Thread.java:1583)
20:41:31.541 [main] WARN tc.testcontainers/ryuk:0.12.0 -- Retrying pull for image: testcontainers/ryuk:0.12.0 (117s remaining)
20:41:32.615 [docker-java-stream--374657469] ERROR com.github.dockerjava.api.async.ResultCallbackTemplate -- Error during callback
com.github.dockerjava.api.exception.InternalServerErrorException: Status 500: {"message":"failed to resolve reference \"docker.io/testcontainers/ryuk:0.12.0\": failed to authorize: failed to fetch oauth token: unexpected status from GET request to https://auth.docker.io/token?scope=repository%3Atestcontainers%2Fryuk%3Apull&service=registry.docker.io: 401 Unauthorized"}

	at org.testcontainers.shaded.com.github.dockerjava.core.DefaultInvocationBuilder.execute(DefaultInvocationBuilder.java:247)
	at org.testcontainers.shaded.com.github.dockerjava.core.DefaultInvocationBuilder.lambda$executeAndStream$1(DefaultInvocationBuilder.java:269)
	at java.base/java.lang.Thread.run(Thread.java:1583)
20:41:32.616 [main] WARN tc.testcontainers/ryuk:0.12.0 -- Retrying pull for image: testcontainers/ryuk:0.12.0 (116s remaining)
20:41:33.884 [docker-java-stream--374657469] ERROR com.github.dockerjava.api.async.ResultCallbackTemplate -- Error during callback
com.github.dockerjava.api.exception.InternalServerErrorException: Status 500: {"message":"failed to resolve reference \"docker.io/testcontainers/ryuk:0.12.0\": failed to authorize: failed to fetch oauth token: unexpected status from GET request to https://auth.docker.io/token?scope=repository%3Atestcontainers%2Fryuk%3Apull&service=registry.docker.io: 401 Unauthorized"}

	at org.testcontainers.shaded.com.github.dockerjava.core.DefaultInvocationBuilder.execute(DefaultInvocationBuilder.java:247)
	at org.testcontainers.shaded.com.github.dockerjava.core.DefaultInvocationBuilder.lambda$executeAndStream$1(DefaultInvocationBuilder.java:269)
	at java.base/java.lang.Thread.run(Thread.java:1583)
20:41:33.884 [main] WARN tc.testcontainers/ryuk:0.12.0 -- Retrying pull for image: testcontainers/ryuk:0.12.0 (115s remaining)
20:41:35.576 [docker-java-stream--374657469] ERROR com.github.dockerjava.api.async.ResultCallbackTemplate -- Error during callback
com.github.dockerjava.api.exception.InternalServerErrorException: Status 500: {"message":"failed to resolve reference \"docker.io/testcontainers/ryuk:0.12.0\": failed to authorize: failed to fetch oauth token: unexpected status from GET request to https://auth.docker.io/token?scope=repository%3Atestcontainers%2Fryuk%3Apull&service=registry.docker.io: 401 Unauthorized"}

	at org.testcontainers.shaded.com.github.dockerjava.core.DefaultInvocationBuilder.execute(DefaultInvocationBuilder.java:247)
	at org.testcontainers.shaded.com.github.dockerjava.core.DefaultInvocationBuilder.lambda$executeAndStream$1(DefaultInvocationBuilder.java:269)
	at java.base/java.lang.Thread.run(Thread.java:1583)
20:41:35.576 [main] WARN tc.testcontainers/ryuk:0.12.0 -- Retrying pull for image: testcontainers/ryuk:0.12.0 (113s remaining)
20:41:38.089 [docker-java-stream--374657469] ERROR com.github.dockerjava.api.async.ResultCallbackTemplate -- Error during callback
com.github.dockerjava.api.exception.InternalServerErrorException: Status 500: {"message":"failed to resolve reference \"docker.io/testcontainers/ryuk:0.12.0\": failed to authorize: failed to fetch oauth token: unexpected status from GET request to https://auth.docker.io/token?scope=repository%3Atestcontainers%2Fryuk%3Apull&service=registry.docker.io: 401 Unauthorized"}

	at org.testcontainers.shaded.com.github.dockerjava.core.DefaultInvocationBuilder.execute(DefaultInvocationBuilder.java:247)
	at org.testcontainers.shaded.com.github.dockerjava.core.DefaultInvocationBuilder.lambda$executeAndStream$1(DefaultInvocationBuilder.java:269)
	at java.base/java.lang.Thread.run(Thread.java:1583)
20:41:38.090 [main] WARN tc.testcontainers/ryuk:0.12.0 -- Retrying pull for image: testcontainers/ryuk:0.12.0 (111s remaining)
20:41:42.175 [docker-java-stream--374657469] ERROR com.github.dockerjava.api.async.ResultCallbackTemplate -- Error during callback
com.github.dockerjava.api.exception.InternalServerErrorException: Status 500: {"message":"failed to resolve reference \"docker.io/testcontainers/ryuk:0.12.0\": failed to authorize: failed to fetch oauth token: unexpected status from GET request to https://auth.docker.io/token?scope=repository%3Atestcontainers%2Fryuk%3Apull&service=registry.docker.io: 401 Unauthorized"}

	at org.testcontainers.shaded.com.github.dockerjava.core.DefaultInvocationBuilder.execute(DefaultInvocationBuilder.java:247)
	at org.testcontainers.shaded.com.github.dockerjava.core.DefaultInvocationBuilder.lambda$executeAndStream$1(DefaultInvocationBuilder.java:269)
	at java.base/java.lang.Thread.run(Thread.java:1583)
20:41:42.176 [main] WARN tc.testcontainers/ryuk:0.12.0 -- Retrying pull for image: testcontainers/ryuk:0.12.0 (107s remaining)
20:41:49.478 [docker-java-stream--374657469] ERROR com.github.dockerjava.api.async.ResultCallbackTemplate -- Error during callback
com.github.dockerjava.api.exception.InternalServerErrorException: Status 500: {"message":"failed to resolve reference \"docker.io/testcontainers/ryuk:0.12.0\": failed to authorize: failed to fetch oauth token: unexpected status from GET request to https://auth.docker.io/token?scope=repository%3Atestcontainers%2Fryuk%3Apull&service=registry.docker.io: 401 Unauthorized"}

	at org.testcontainers.shaded.com.github.dockerjava.core.DefaultInvocationBuilder.execute(DefaultInvocationBuilder.java:247)
	at org.testcontainers.shaded.com.github.dockerjava.core.DefaultInvocationBuilder.lambda$executeAndStream$1(DefaultInvocationBuilder.java:269)
	at java.base/java.lang.Thread.run(Thread.java:1583)
20:41:49.478 [main] WARN tc.testcontainers/ryuk:0.12.0 -- Retrying pull for image: testcontainers/ryuk:0.12.0 (99s remaining)
20:42:03.158 [docker-java-stream--374657469] ERROR com.github.dockerjava.api.async.ResultCallbackTemplate -- Error during callback
com.github.dockerjava.api.exception.InternalServerErrorException: Status 500: {"message":"failed to resolve reference \"docker.io/testcontainers/ryuk:0.12.0\": failed to authorize: failed to fetch oauth token: unexpected status from GET request to https://auth.docker.io/token?scope=repository%3Atestcontainers%2Fryuk%3Apull&service=registry.docker.io: 401 Unauthorized"}

	at org.testcontainers.shaded.com.github.dockerjava.core.DefaultInvocationBuilder.execute(DefaultInvocationBuilder.java:247)
	at org.testcontainers.shaded.com.github.dockerjava.core.DefaultInvocationBuilder.lambda$executeAndStream$1(DefaultInvocationBuilder.java:269)
	at java.base/java.lang.Thread.run(Thread.java:1583)
20:42:03.159 [main] WARN tc.testcontainers/ryuk:0.12.0 -- Retrying pull for image: testcontainers/ryuk:0.12.0 (86s remaining)
20:42:29.656 [docker-java-stream--374657469] ERROR com.github.dockerjava.api.async.ResultCallbackTemplate -- Error during callback
com.github.dockerjava.api.exception.InternalServerErrorException: Status 500: {"message":"failed to resolve reference \"docker.io/testcontainers/ryuk:0.12.0\": failed to authorize: failed to fetch oauth token: unexpected status from GET request to https://auth.docker.io/token?scope=repository%3Atestcontainers%2Fryuk%3Apull&service=registry.docker.io: 401 Unauthorized"}

	at org.testcontainers.shaded.com.github.dockerjava.core.DefaultInvocationBuilder.execute(DefaultInvocationBuilder.java:247)
	at org.testcontainers.shaded.com.github.dockerjava.core.DefaultInvocationBuilder.lambda$executeAndStream$1(DefaultInvocationBuilder.java:269)
	at java.base/java.lang.Thread.run(Thread.java:1583)
20:42:29.656 [main] WARN tc.testcontainers/ryuk:0.12.0 -- Retrying pull for image: testcontainers/ryuk:0.12.0 (59s remaining)
20:43:21.796 [docker-java-stream--374657469] ERROR com.github.dockerjava.api.async.ResultCallbackTemplate -- Error during callback
com.github.dockerjava.api.exception.InternalServerErrorException: Status 500: {"message":"failed to resolve reference \"docker.io/testcontainers/ryuk:0.12.0\": failed to authorize: failed to fetch oauth token: unexpected status from GET request to https://auth.docker.io/token?scope=repository%3Atestcontainers%2Fryuk%3Apull&service=registry.docker.io: 401 Unauthorized"}

	at org.testcontainers.shaded.com.github.dockerjava.core.DefaultInvocationBuilder.execute(DefaultInvocationBuilder.java:247)
	at org.testcontainers.shaded.com.github.dockerjava.core.DefaultInvocationBuilder.lambda$executeAndStream$1(DefaultInvocationBuilder.java:269)
	at java.base/java.lang.Thread.run(Thread.java:1583)
20:43:21.796 [main] WARN tc.testcontainers/ryuk:0.12.0 -- Retrying pull for image: testcontainers/ryuk:0.12.0 (7s remaining)
20:45:04.211 [main] INFO tc.testcontainers/ryuk:0.12.0 -- Pulling docker image: testcontainers/ryuk:0.12.0. Please be patient; this may take some time but only needs to be done once.
20:45:05.103 [docker-java-stream--374657469] ERROR com.github.dockerjava.api.async.ResultCallbackTemplate -- Error during callback
com.github.dockerjava.api.exception.InternalServerErrorException: Status 500: {"message":"failed to resolve reference \"docker.io/testcontainers/ryuk:0.12.0\": failed to authorize: failed to fetch oauth token: unexpected status from GET request to https://auth.docker.io/token?scope=repository%3Atestcontainers%2Fryuk%3Apull&service=registry.docker.io: 401 Unauthorized"}

	at org.testcontainers.shaded.com.github.dockerjava.core.DefaultInvocationBuilder.execute(DefaultInvocationBuilder.java:247)
	at org.testcontainers.shaded.com.github.dockerjava.core.DefaultInvocationBuilder.lambda$executeAndStream$1(DefaultInvocationBuilder.java:269)
	at java.base/java.lang.Thread.run(Thread.java:1583)
20:45:05.104 [main] WARN tc.testcontainers/ryuk:0.12.0 -- Retrying pull for image: testcontainers/ryuk:0.12.0 (119s remaining)
20:45:06.095 [docker-java-stream--374657469] ERROR com.github.dockerjava.api.async.ResultCallbackTemplate -- Error during callback
com.github.dockerjava.api.exception.InternalServerErrorException: Status 500: {"message":"failed to resolve reference \"docker.io/testcontainers/ryuk:0.12.0\": failed to authorize: failed to fetch oauth token: unexpected status from GET request to https://auth.docker.io/token?scope=repository%3Atestcontainers%2Fryuk%3Apull&service=registry.docker.io: 401 Unauthorized"}

	at org.testcontainers.shaded.com.github.dockerjava.core.DefaultInvocationBuilder.execute(DefaultInvocationBuilder.java:247)
	at org.testcontainers.shaded.com.github.dockerjava.core.DefaultInvocationBuilder.lambda$executeAndStream$1(DefaultInvocationBuilder.java:269)
	at java.base/java.lang.Thread.run(Thread.java:1583)
20:45:06.096 [main] WARN tc.testcontainers/ryuk:0.12.0 -- Retrying pull for image: testcontainers/ryuk:0.12.0 (118s remaining)
20:45:07.180 [docker-java-stream--374657469] ERROR com.github.dockerjava.api.async.ResultCallbackTemplate -- Error during callback
com.github.dockerjava.api.exception.InternalServerErrorException: Status 500: {"message":"failed to resolve reference \"docker.io/testcontainers/ryuk:0.12.0\": failed to authorize: failed to fetch oauth token: unexpected status from GET request to https://auth.docker.io/token?scope=repository%3Atestcontainers%2Fryuk%3Apull&service=registry.docker.io: 401 Unauthorized"}

	at org.testcontainers.shaded.com.github.dockerjava.core.DefaultInvocationBuilder.execute(DefaultInvocationBuilder.java:247)
	at org.testcontainers.shaded.com.github.dockerjava.core.DefaultInvocationBuilder.lambda$executeAndStream$1(DefaultInvocationBuilder.java:269)
	at java.base/java.lang.Thread.run(Thread.java:1583)
20:45:07.181 [main] WARN tc.testcontainers/ryuk:0.12.0 -- Retrying pull for image: testcontainers/ryuk:0.12.0 (117s remaining)
20:45:08.846 [docker-java-stream--374657469] ERROR com.github.dockerjava.api.async.ResultCallbackTemplate -- Error during callback
com.github.dockerjava.api.exception.InternalServerErrorException: Status 500: {"message":"failed to resolve reference \"docker.io/testcontainers/ryuk:0.12.0\": failed to authorize: failed to fetch oauth token: unexpected status from GET request to https://auth.docker.io/token?scope=repository%3Atestcontainers%2Fryuk%3Apull&service=registry.docker.io: 401 Unauthorized"}

	at org.testcontainers.shaded.com.github.dockerjava.core.DefaultInvocationBuilder.execute(DefaultInvocationBuilder.java:247)
	at org.testcontainers.shaded.com.github.dockerjava.core.DefaultInvocationBuilder.lambda$executeAndStream$1(DefaultInvocationBuilder.java:269)
	at java.base/java.lang.Thread.run(Thread.java:1583)
20:45:08.846 [main] WARN tc.testcontainers/ryuk:0.12.0 -- Retrying pull for image: testcontainers/ryuk:0.12.0 (115s remaining)
20:45:10.542 [docker-java-stream--374657469] ERROR com.github.dockerjava.api.async.ResultCallbackTemplate -- Error during callback
com.github.dockerjava.api.exception.InternalServerErrorException: Status 500: {"message":"failed to resolve reference \"docker.io/testcontainers/ryuk:0.12.0\": failed to authorize: failed to fetch oauth token: unexpected status from GET request to https://auth.docker.io/token?scope=repository%3Atestcontainers%2Fryuk%3Apull&service=registry.docker.io: 401 Unauthorized"}

	at org.testcontainers.shaded.com.github.dockerjava.core.DefaultInvocationBuilder.execute(DefaultInvocationBuilder.java:247)
	at org.testcontainers.shaded.com.github.dockerjava.core.DefaultInvocationBuilder.lambda$executeAndStream$1(DefaultInvocationBuilder.java:269)
	at java.base/java.lang.Thread.run(Thread.java:1583)
20:45:10.543 [main] WARN tc.testcontainers/ryuk:0.12.0 -- Retrying pull for image: testcontainers/ryuk:0.12.0 (113s remaining)
20:45:13.002 [docker-java-stream--374657469] ERROR com.github.dockerjava.api.async.ResultCallbackTemplate -- Error during callback
com.github.dockerjava.api.exception.InternalServerErrorException: Status 500: {"message":"failed to resolve reference \"docker.io/testcontainers/ryuk:0.12.0\": failed to authorize: failed to fetch oauth token: unexpected status from GET request to https://auth.docker.io/token?scope=repository%3Atestcontainers%2Fryuk%3Apull&service=registry.docker.io: 401 Unauthorized"}

	at org.testcontainers.shaded.com.github.dockerjava.core.DefaultInvocationBuilder.execute(DefaultInvocationBuilder.java:247)
	at org.testcontainers.shaded.com.github.dockerjava.core.DefaultInvocationBuilder.lambda$executeAndStream$1(DefaultInvocationBuilder.java:269)
	at java.base/java.lang.Thread.run(Thread.java:1583)
20:45:13.002 [main] WARN tc.testcontainers/ryuk:0.12.0 -- Retrying pull for image: testcontainers/ryuk:0.12.0 (111s remaining)
20:45:17.096 [docker-java-stream--374657469] ERROR com.github.dockerjava.api.async.ResultCallbackTemplate -- Error during callback
com.github.dockerjava.api.exception.InternalServerErrorException: Status 500: {"message":"failed to resolve reference \"docker.io/testcontainers/ryuk:0.12.0\": failed to authorize: failed to fetch oauth token: unexpected status from GET request to https://auth.docker.io/token?scope=repository%3Atestcontainers%2Fryuk%3Apull&service=registry.docker.io: 401 Unauthorized"}

	at org.testcontainers.shaded.com.github.dockerjava.core.DefaultInvocationBuilder.execute(DefaultInvocationBuilder.java:247)
	at org.testcontainers.shaded.com.github.dockerjava.core.DefaultInvocationBuilder.lambda$executeAndStream$1(DefaultInvocationBuilder.java:269)
	at java.base/java.lang.Thread.run(Thread.java:1583)
20:45:17.096 [main] WARN tc.testcontainers/ryuk:0.12.0 -- Retrying pull for image: testcontainers/ryuk:0.12.0 (107s remaining)
20:45:24.356 [docker-java-stream--374657469] ERROR com.github.dockerjava.api.async.ResultCallbackTemplate -- Error during callback
com.github.dockerjava.api.exception.InternalServerErrorException: Status 500: {"message":"failed to resolve reference \"docker.io/testcontainers/ryuk:0.12.0\": failed to authorize: failed to fetch oauth token: unexpected status from GET request to https://auth.docker.io/token?scope=repository%3Atestcontainers%2Fryuk%3Apull&service=registry.docker.io: 401 Unauthorized"}

	at org.testcontainers.shaded.com.github.dockerjava.core.DefaultInvocationBuilder.execute(DefaultInvocationBuilder.java:247)
	at org.testcontainers.shaded.com.github.dockerjava.core.DefaultInvocationBuilder.lambda$executeAndStream$1(DefaultInvocationBuilder.java:269)
	at java.base/java.lang.Thread.run(Thread.java:1583)
20:45:24.357 [main] WARN tc.testcontainers/ryuk:0.12.0 -- Retrying pull for image: testcontainers/ryuk:0.12.0 (99s remaining)
20:45:38.035 [docker-java-stream--374657469] ERROR com.github.dockerjava.api.async.ResultCallbackTemplate -- Error during callback
com.github.dockerjava.api.exception.InternalServerErrorException: Status 500: {"message":"failed to resolve reference \"docker.io/testcontainers/ryuk:0.12.0\": failed to authorize: failed to fetch oauth token: unexpected status from GET request to https://auth.docker.io/token?scope=repository%3Atestcontainers%2Fryuk%3Apull&service=registry.docker.io: 401 Unauthorized"}

	at org.testcontainers.shaded.com.github.dockerjava.core.DefaultInvocationBuilder.execute(DefaultInvocationBuilder.java:247)
	at org.testcontainers.shaded.com.github.dockerjava.core.DefaultInvocationBuilder.lambda$executeAndStream$1(DefaultInvocationBuilder.java:269)
	at java.base/java.lang.Thread.run(Thread.java:1583)
20:45:38.035 [main] WARN tc.testcontainers/ryuk:0.12.0 -- Retrying pull for image: testcontainers/ryuk:0.12.0 (86s remaining)
20:46:04.527 [docker-java-stream--374657469] ERROR com.github.dockerjava.api.async.ResultCallbackTemplate -- Error during callback
com.github.dockerjava.api.exception.InternalServerErrorException: Status 500: {"message":"failed to resolve reference \"docker.io/testcontainers/ryuk:0.12.0\": failed to authorize: failed to fetch oauth token: unexpected status from GET request to https://auth.docker.io/token?scope=repository%3Atestcontainers%2Fryuk%3Apull&service=registry.docker.io: 401 Unauthorized"}

	at org.testcontainers.shaded.com.github.dockerjava.core.DefaultInvocationBuilder.execute(DefaultInvocationBuilder.java:247)
	at org.testcontainers.shaded.com.github.dockerjava.core.DefaultInvocationBuilder.lambda$executeAndStream$1(DefaultInvocationBuilder.java:269)
	at java.base/java.lang.Thread.run(Thread.java:1583)
20:46:04.528 [main] WARN tc.testcontainers/ryuk:0.12.0 -- Retrying pull for image: testcontainers/ryuk:0.12.0 (59s remaining)
20:46:57.520 [docker-java-stream--374657469] ERROR com.github.dockerjava.api.async.ResultCallbackTemplate -- Error during callback
com.github.dockerjava.api.exception.InternalServerErrorException: Status 500: {"message":"failed to resolve reference \"docker.io/testcontainers/ryuk:0.12.0\": failed to authorize: failed to fetch oauth token: unexpected status from GET request to https://auth.docker.io/token?scope=repository%3Atestcontainers%2Fryuk%3Apull&service=registry.docker.io: 401 Unauthorized"}

	at org.testcontainers.shaded.com.github.dockerjava.core.DefaultInvocationBuilder.execute(DefaultInvocationBuilder.java:247)
	at org.testcontainers.shaded.com.github.dockerjava.core.DefaultInvocationBuilder.lambda$executeAndStream$1(DefaultInvocationBuilder.java:269)
	at java.base/java.lang.Thread.run(Thread.java:1583)
20:46:57.521 [main] WARN tc.testcontainers/ryuk:0.12.0 -- Retrying pull for image: testcontainers/ryuk:0.12.0 (6s remaining)
]]></system-out>
  </testcase>
</testsuite>